07/11/2024 19:03:07 [Project.Client.ClientUI] ([34mFINE[0m):
[34m>[0m Current panel: USER_INFO
07/11/2024 19:06:21 [Project.Client.Views.UserDetailsPanel] ([32mINFO[0m):
[34m>[0m Chosen username: Shuaib
07/11/2024 19:06:30 [Project.Client.Views.UserDetailsPanel] ([32mINFO[0m):
[34m>[0m Chosen username: Shuaib
07/11/2024 19:12:07 [Project.Client.Views.UserDetailsPanel] ([32mINFO[0m):
[34m>[0m Chosen username: Shuaib
07/11/2024 19:17:46 [Project.Client.ClientUI] ([34mFINE[0m):
[34m>[0m Current panel: USER_INFO
07/11/2024 19:17:52 [Project.Client.Views.UserDetailsPanel] ([32mINFO[0m):
[34m>[0m Chosen username: jay
07/11/2024 19:17:55 [Project.Client.Views.UserDetailsPanel] ([32mINFO[0m):
[34m>[0m Chosen username: jay
07/11/2024 19:20:47 [Project.Client.ClientUI] ([34mFINE[0m):
[34m>[0m Current panel: USER_INFO
07/11/2024 19:20:50 [Project.Client.Views.UserDetailsPanel] ([32mINFO[0m):
[34m>[0m Chosen username: jay
07/11/2024 19:30:55 [Project.Client.ClientUI] ([34mFINE[0m):
[34m>[0m Current panel: USER_INFO
07/11/2024 19:30:59 [Project.Client.Views.UserDetailsPanel] ([32mINFO[0m):
[34m>[0m Chosen username: mike
07/11/2024 19:32:01 [Project.Client.ClientUI] ([34mFINE[0m):
[34m>[0m Current panel: USER_INFO
07/11/2024 19:32:04 [Project.Client.Views.UserDetailsPanel] ([32mINFO[0m):
[34m>[0m Chosen username: mj
07/11/2024 19:42:53 [Project.Client.ClientUI] ([34mFINE[0m):
[34m>[0m Current panel: USER_INFO
07/11/2024 19:42:57 [Project.Client.Views.UserDetailsPanel] ([32mINFO[0m):
[34m>[0m Chosen username: mm
07/11/2024 19:46:09 [Project.Client.ClientUI] ([34mFINE[0m):
[34m>[0m Current panel: USER_INFO
07/11/2024 19:46:11 [Project.Client.Views.UserDetailsPanel] ([32mINFO[0m):
[34m>[0m Chosen username: s
07/11/2024 19:46:17 [Project.Client.Views.UserDetailsPanel] ([32mINFO[0m):
[34m>[0m Chosen username: s
07/11/2024 19:53:13 [Project.Client.ClientUI] ([34mFINE[0m):
[34m>[0m Current panel: USER_INFO
07/11/2024 19:53:21 [Project.Client.Views.UserDetailsPanel] ([32mINFO[0m):
[34m>[0m Chosen username: jj
07/11/2024 20:02:45 [Project.Client.ClientUI] ([34mFINE[0m):
[34m>[0m Current panel: USER_INFO
07/11/2024 20:02:49 [Project.Client.Views.UserDetailsPanel] ([32mINFO[0m):
[34m>[0m Chosen username: jj
07/11/2024 20:26:35 [Project.Client.ClientUI] ([34mFINE[0m):
[34m>[0m Current panel: USER_INFO
07/11/2024 20:26:39 [Project.Client.Views.UserDetailsPanel] ([32mINFO[0m):
[34m>[0m Chosen username: mike
07/11/2024 20:48:25 [Project.Client.ClientUI] ([34mFINE[0m):
[34m>[0m Current panel: USER_INFO
07/11/2024 20:48:28 [Project.Client.Views.UserDetailsPanel] ([32mINFO[0m):
[34m>[0m Chosen username: ds
07/11/2024 21:24:13 [Project.Client.ClientUI] ([34mFINE[0m):
[34m>[0m Current panel: USER_INFO
07/11/2024 21:24:23 [Project.Client.Views.UserDetailsPanel] ([32mINFO[0m):
[34m>[0m Chosen username: mikke
07/11/2024 21:33:33 [Project.Client.ClientUI] ([34mFINE[0m):
[34m>[0m Current panel: USER_INFO
07/11/2024 21:33:38 [Project.Client.Views.UserDetailsPanel] ([32mINFO[0m):
[34m>[0m Chosen username: jim
07/12/2024 20:29:58 [Project.Client.ClientUI] ([34mFINE[0m):
[34m>[0m Current panel: USER_INFO
07/12/2024 20:30:03 [Project.Client.Views.UserDetailsPanel] ([32mINFO[0m):
[34m>[0m Chosen username: shuaib
07/12/2024 20:53:19 [Project.Client.ClientUI] ([34mFINE[0m):
[34m>[0m Current panel: USER_INFO
07/12/2024 20:53:22 [Project.Client.Views.UserDetailsPanel] ([32mINFO[0m):
[34m>[0m Chosen username: miiek
07/12/2024 20:56:37 [Project.Client.ClientUI] ([34mFINE[0m):
[34m>[0m Current panel: USER_INFO
07/12/2024 20:56:42 [Project.Client.Views.UserDetailsPanel] ([32mINFO[0m):
[34m>[0m Chosen username: ahmed
07/12/2024 20:57:53 [Project.Client.ClientUI] ([34mFINE[0m):
[34m>[0m Current panel: CONNECT
07/12/2024 20:57:53 [Project.Client.ClientUI] ([34mFINE[0m):
[34m>[0m Current panel: CONNECT
07/12/2024 20:57:57 [Project.Client.ClientUI] ([34mFINE[0m):
[34m>[0m Current panel: USER_INFO
07/12/2024 20:57:58 [Project.Client.Views.UserDetailsPanel] ([32mINFO[0m):
[34m>[0m Chosen username: ahmed
07/12/2024 20:58:40 [Project.Client.ClientUI] ([34mFINE[0m):
[34m>[0m Current panel: CONNECT
07/12/2024 20:58:40 [Project.Client.ClientUI] ([34mFINE[0m):
[34m>[0m Current panel: CONNECT
07/12/2024 20:58:41 [Project.Client.ClientUI] ([34mFINE[0m):
[34m>[0m Current panel: USER_INFO
07/12/2024 20:58:42 [Project.Client.Views.UserDetailsPanel] ([32mINFO[0m):
[34m>[0m Chosen username: ahmed
07/13/2024 09:41:21 [Project.Client.ClientUI] ([34mFINE[0m):
[34m>[0m Current panel: USER_INFO
07/13/2024 09:41:25 [Project.Client.Views.UserDetailsPanel] ([32mINFO[0m):
[34m>[0m Chosen username: shuaib
07/13/2024 09:45:13 [Project.Client.ClientUI] ([34mFINE[0m):
[34m>[0m Current panel: CONNECT
07/13/2024 09:45:13 [Project.Client.ClientUI] ([34mFINE[0m):
[34m>[0m Current panel: CONNECT
07/13/2024 09:45:23 [Project.Client.ClientUI] ([34mFINE[0m):
[34m>[0m Current panel: USER_INFO
07/13/2024 09:45:27 [Project.Client.Views.UserDetailsPanel] ([32mINFO[0m):
[34m>[0m Chosen username: shuaib
07/13/2024 10:06:03 [Project.Client.ClientUI] ([34mFINE[0m):
[34m>[0m Current panel: USER_INFO
07/13/2024 10:06:07 [Project.Client.Views.UserDetailsPanel] ([32mINFO[0m):
[34m>[0m Chosen username: shuaib
07/13/2024 10:07:53 [Project.Client.ClientUI] ([34mFINE[0m):
[34m>[0m Current panel: USER_INFO
07/13/2024 10:07:59 [Project.Client.Views.UserDetailsPanel] ([32mINFO[0m):
[34m>[0m Chosen username: shuaib
07/13/2024 10:14:13 [Project.Client.ClientUI] ([34mFINE[0m):
[34m>[0m Current panel: CONNECT
07/13/2024 10:14:13 [Project.Client.ClientUI] ([34mFINE[0m):
[34m>[0m Current panel: CONNECT
07/13/2024 10:14:15 [Project.Client.ClientUI] ([34mFINE[0m):
[34m>[0m Current panel: USER_INFO
07/13/2024 10:14:15 [Project.Client.Views.UserDetailsPanel] ([32mINFO[0m):
[34m>[0m Chosen username: shuaib
07/13/2024 10:42:25 [Project.Client.ClientUI] ([34mFINE[0m):
[34m>[0m Current panel: USER_INFO
07/13/2024 10:42:30 [Project.Client.Views.UserDetailsPanel] ([32mINFO[0m):
[34m>[0m Chosen username: fbdb
07/13/2024 10:42:33 [Project.Client.ClientUI] ([34mFINE[0m):
[34m>[0m Current panel: CONNECT
07/13/2024 10:42:33 [Project.Client.ClientUI] ([34mFINE[0m):
[34m>[0m Current panel: CONNECT
07/13/2024 10:52:30 [Project.Client.ClientUI] ([34mFINE[0m):
[34m>[0m Current panel: USER_INFO
07/13/2024 10:52:33 [Project.Client.Views.UserDetailsPanel] ([32mINFO[0m):
[34m>[0m Chosen username: fbdb
07/13/2024 11:28:58 [Project.Client.ClientUI] ([34mFINE[0m):
[34m>[0m Current panel: USER_INFO
07/13/2024 11:29:00 [Project.Client.Views.UserDetailsPanel] ([32mINFO[0m):
[34m>[0m Chosen username: f
07/13/2024 11:45:35 [Project.Client.ClientUI] ([34mFINE[0m):
[34m>[0m Current panel: USER_INFO
07/13/2024 11:45:37 [Project.Client.Views.UserDetailsPanel] ([32mINFO[0m):
[34m>[0m Chosen username: sfbdb
07/13/2024 12:01:30 [Project.Client.ClientUI] ([34mFINE[0m):
[34m>[0m Current panel: USER_INFO
07/13/2024 12:01:32 [Project.Client.Views.UserDetailsPanel] ([32mINFO[0m):
[34m>[0m Chosen username: xcv
07/13/2024 12:13:08 [Project.Client.ClientUI] ([34mFINE[0m):
[34m>[0m Current panel: USER_INFO
07/13/2024 12:13:11 [Project.Client.Views.UserDetailsPanel] ([32mINFO[0m):
[34m>[0m Chosen username: bxfd
07/13/2024 13:05:29 [Project.Client.ClientUI] ([34mFINE[0m):
[34m>[0m Current panel: USER_INFO
07/13/2024 13:05:34 [Project.Client.Views.UserDetailsPanel] ([32mINFO[0m):
[34m>[0m Chosen username: mike
07/13/2024 13:08:55 [Project.Client.ClientUI] ([34mFINE[0m):
[34m>[0m Current panel: USER_INFO
07/13/2024 13:08:59 [Project.Client.Views.UserDetailsPanel] ([32mINFO[0m):
[34m>[0m Chosen username: mike
07/13/2024 13:15:18 [Project.Client.ClientUI] ([34mFINE[0m):
[34m>[0m Current panel: USER_INFO
07/13/2024 13:15:25 [Project.Client.Views.UserDetailsPanel] ([32mINFO[0m):
[34m>[0m Chosen username: jjj
07/13/2024 13:28:26 [Project.Client.ClientUI] ([34mFINE[0m):
[34m>[0m Current panel: USER_INFO
07/13/2024 13:28:29 [Project.Client.Views.UserDetailsPanel] ([32mINFO[0m):
[34m>[0m Chosen username: dbds
07/13/2024 13:29:26 [Project.Client.ClientUI] ([34mFINE[0m):
[34m>[0m Current panel: CONNECT
07/13/2024 13:29:26 [Project.Client.ClientUI] ([34mFINE[0m):
[34m>[0m Current panel: CONNECT
07/13/2024 13:29:27 [Project.Client.ClientUI] ([34mFINE[0m):
[34m>[0m Current panel: USER_INFO
07/13/2024 13:29:30 [Project.Client.Views.UserDetailsPanel] ([32mINFO[0m):
[34m>[0m Chosen username: dbds
07/13/2024 13:45:02 [Project.Client.ClientUI] ([34mFINE[0m):
[34m>[0m Current panel: USER_INFO
07/13/2024 13:45:07 [Project.Client.Views.UserDetailsPanel] ([32mINFO[0m):
[34m>[0m Chosen username: fweew
07/13/2024 15:52:08 [Project.Client.ClientUI] ([34mFINE[0m):
[34m>[0m Current panel: USER_INFO
07/13/2024 15:52:45 [Project.Client.Views.UserDetailsPanel] ([32mINFO[0m):
[34m>[0m Chosen username: shuaib
07/14/2024 11:17:00 [Project.Client.ClientUI] ([34mFINE[0m):
[34m>[0m Current panel: USER_INFO
07/14/2024 11:17:03 [Project.Client.Views.UserDetailsPanel] ([32mINFO[0m):
[34m>[0m Chosen username: fxbd
07/14/2024 11:17:08 [Project.Client.ClientUI] ([34mFINE[0m):
[34m>[0m Current panel: CONNECT
07/14/2024 11:17:08 [Project.Client.ClientUI] ([34mFINE[0m):
[34m>[0m Current panel: CONNECT
07/14/2024 11:17:09 [Project.Client.ClientUI] ([34mFINE[0m):
[34m>[0m Current panel: USER_INFO
07/14/2024 11:17:10 [Project.Client.Views.UserDetailsPanel] ([32mINFO[0m):
[34m>[0m Chosen username: fxbd
07/14/2024 12:15:22 [Project.Client.ClientUI] ([34mFINE[0m):
[34m>[0m Current panel: USER_INFO
07/14/2024 12:15:25 [Project.Client.Views.UserDetailsPanel] ([32mINFO[0m):
[34m>[0m Chosen username: xcfb
07/14/2024 12:15:30 [Project.Client.ClientUI] ([34mFINE[0m):
[34m>[0m Current panel: CONNECT
07/14/2024 12:15:30 [Project.Client.ClientUI] ([34mFINE[0m):
[34m>[0m Current panel: CONNECT
07/14/2024 12:53:38 [Project.Client.ClientUI] ([34mFINE[0m):
[34m>[0m Current panel: USER_INFO
07/14/2024 12:53:41 [Project.Client.Views.UserDetailsPanel] ([32mINFO[0m):
[34m>[0m Chosen username: df
07/14/2024 20:32:13 [Project.Client.Client] ([32mINFO[0m):
[34m>[0m Client Created
07/14/2024 20:32:13 [Project.Client.ClientUI] ([34mFINE[0m):
[34m>[0m Current panel: USER_INFO
07/14/2024 20:32:16 [Project.Client.Views.UserDetailsPanel] ([32mINFO[0m):
[34m>[0m Chosen username: ksdml
07/14/2024 20:32:34 [Project.Client.Views.UserDetailsPanel] ([32mINFO[0m):
[34m>[0m Chosen username: shuaib
07/14/2024 21:04:57 [Project.Client.Client] ([32mINFO[0m):
[34m>[0m Client Created
07/14/2024 21:04:57 [Project.Client.ClientUI] ([34mFINE[0m):
[34m>[0m Current panel: USER_INFO
07/14/2024 21:05:00 [Project.Client.Views.UserDetailsPanel] ([32mINFO[0m):
[34m>[0m Chosen username: cxfc
07/14/2024 21:14:56 [Project.Client.Client] ([32mINFO[0m):
[34m>[0m Client Created
07/14/2024 21:14:56 [Project.Client.ClientUI] ([34mFINE[0m):
[34m>[0m Current panel: USER_INFO
07/14/2024 21:14:58 [Project.Client.Views.UserDetailsPanel] ([32mINFO[0m):
[34m>[0m Chosen username: shu
07/14/2024 21:14:59 [Project.Client.Client] ([32mINFO[0m):
[34m>[0m Client connected
07/14/2024 21:14:59 [Project.Client.Client] ([32mINFO[0m):
[34m>[0m Received Payload: Payload[CLIENT_ID] Client Id [1] Message: [null] Client Name [shu] Status [connect]
07/14/2024 21:14:59 [Project.Client.ClientUI] ([34mFINE[0m):
[34m>[0m Current panel: CHAT
07/14/2024 21:14:59 [Project.Client.Client] ([32mINFO[0m):
[34m>[0m Received Payload: Payload[ROOM_JOIN] Client Id [1] Message: [lobby] Client Name [shu] Status [connect]
07/14/2024 21:14:59 [Project.Client.ClientUI] ([32mINFO[0m):
[34m>[0m Current card: CHAT
07/14/2024 21:14:59 [Project.Client.Views.UserListPanel] ([32mINFO[0m):
[34m>[0m Adding user to list: shu (1)
07/14/2024 21:15:02 [Project.Client.Client] ([32mINFO[0m):
[34m>[0m Received Payload: Payload[MESSAGE] Client Id [1] Message: [Hello]
07/14/2024 21:15:06 [Project.Client.Client] ([32mINFO[0m):
[34m>[0m Received Payload: Payload[MESSAGE] Client Id [-1] Message: [shu rolled 1d5 and got 2 (total: 2)]
07/14/2024 21:15:15 [Project.Client.Client] ([32mINFO[0m):
[34m>[0m Received Payload: Payload[MESSAGE] Client Id [-1] Message: [shu rolled 2d6 and got 5 3 (total: 8)]
07/14/2024 21:15:20 [Project.Client.ClientUI] ([34mFINE[0m):
[34m>[0m Current panel: ROOMS
07/14/2024 21:16:22 [Project.Client.Client] ([32mINFO[0m):
[34m>[0m Received Payload: Payload[DISCONNECT] Client Id [1] Message: [null] Client Name [shu] Status [disconnect]
07/15/2024 10:14:44 [Project.Client.Client] ([32mINFO[0m):
[34m>[0m Client Created
07/15/2024 10:14:44 [Project.Client.ClientUI] ([34mFINE[0m):
[34m>[0m Current panel: USER_INFO
07/15/2024 10:15:13 [Project.Client.Views.UserDetailsPanel] ([32mINFO[0m):
[34m>[0m Chosen username: shuaib11
07/15/2024 10:15:13 [Project.Client.Client] ([32mINFO[0m):
[34m>[0m Client connected
07/15/2024 10:15:13 [Project.Client.Client] ([32mINFO[0m):
[34m>[0m Received Payload: Payload[CLIENT_ID] Client Id [2] Message: [null] Client Name [shuaib11] Status [connect]
07/15/2024 10:15:13 [Project.Client.ClientUI] ([34mFINE[0m):
[34m>[0m Current panel: CHAT
07/15/2024 10:15:13 [Project.Client.Client] ([32mINFO[0m):
[34m>[0m Received Payload: Payload[ROOM_JOIN] Client Id [2] Message: [lobby] Client Name [shuaib11] Status [connect]
07/15/2024 10:15:13 [Project.Client.ClientUI] ([32mINFO[0m):
[34m>[0m Current card: CHAT
07/15/2024 10:15:13 [Project.Client.Views.UserListPanel] ([32mINFO[0m):
[34m>[0m Adding user to list: shuaib11 (2)
07/15/2024 10:15:15 [Project.Client.Client] ([32mINFO[0m):
[34m>[0m Received Payload: Payload[MESSAGE] Client Id [2] Message: [hello]
07/15/2024 10:15:23 [Project.Client.ClientUI] ([34mFINE[0m):
[34m>[0m Current panel: ROOMS
07/15/2024 10:15:31 [Project.Client.Client] ([32mINFO[0m):
[34m>[0m Received Payload: Payload[ROOM_JOIN] Client Id [2] Message: [lobby] Client Name [shuaib11] Status [disconnect]
07/15/2024 10:15:31 [Project.Client.ClientUI] ([32mINFO[0m):
[34m>[0m Current card: ROOMS
07/15/2024 10:15:31 [Project.Client.Client] ([32mINFO[0m):
[34m>[0m Received Payload: Payload[ROOM_JOIN] Client Id [2] Message: [room1] Client Name [shuaib11] Status [connect]
07/15/2024 10:15:31 [Project.Client.ClientUI] ([32mINFO[0m):
[34m>[0m Current card: ROOMS
07/15/2024 10:15:31 [Project.Client.Views.UserListPanel] ([32mINFO[0m):
[34m>[0m Removing user list item for id 2
07/15/2024 10:15:31 [Project.Client.Views.UserListPanel] ([32mINFO[0m):
[34m>[0m Clearing user list
07/15/2024 10:15:31 [Project.Client.Views.UserListPanel] ([32mINFO[0m):
[34m>[0m Adding user to list: shuaib11 (2)
07/15/2024 10:15:33 [Project.Client.ClientUI] ([34mFINE[0m):
[34m>[0m Current panel: CHAT
07/15/2024 10:15:44 [Project.Client.Client] ([32mINFO[0m):
[34m>[0m Received Payload: Payload[MESSAGE] Client Id [2] Message: [This is <b>amazing</b>]
07/15/2024 10:16:05 [Project.Client.Client] ([32mINFO[0m):
[34m>[0m Received Payload: Payload[DISCONNECT] Client Id [2] Message: [null] Client Name [shuaib11] Status [disconnect]
07/15/2024 10:16:05 [Project.Client.ClientUI] ([32mINFO[0m):
[34m>[0m I disconnected
07/15/2024 10:20:05 [Project.Client.Client] ([32mINFO[0m):
[34m>[0m Client Created
07/15/2024 10:20:05 [Project.Client.ClientUI] ([34mFINE[0m):
[34m>[0m Current panel: USER_INFO
07/15/2024 10:20:11 [Project.Client.Views.UserDetailsPanel] ([32mINFO[0m):
[34m>[0m Chosen username: shuaib12
07/15/2024 10:20:11 [Project.Client.Client] ([32mINFO[0m):
[34m>[0m Client connected
07/15/2024 10:20:11 [Project.Client.Client] ([32mINFO[0m):
[34m>[0m Received Payload: Payload[CLIENT_ID] Client Id [3] Message: [null] Client Name [shuaib12] Status [connect]
07/15/2024 10:20:11 [Project.Client.ClientUI] ([34mFINE[0m):
[34m>[0m Current panel: CHAT
07/15/2024 10:20:11 [Project.Client.Client] ([32mINFO[0m):
[34m>[0m Received Payload: Payload[ROOM_JOIN] Client Id [3] Message: [lobby] Client Name [shuaib12] Status [connect]
07/15/2024 10:20:11 [Project.Client.ClientUI] ([32mINFO[0m):
[34m>[0m Current card: CHAT
07/15/2024 10:20:11 [Project.Client.Views.UserListPanel] ([32mINFO[0m):
[34m>[0m Adding user to list: shuaib12 (3)
07/15/2024 10:20:30 [Project.Client.Client] ([32mINFO[0m):
[34m>[0m Received Payload: Payload[ROOM_JOIN] Client Id [4] Message: [lobby] Client Name [mike7] Status [connect]
07/15/2024 10:20:30 [Project.Client.ClientUI] ([32mINFO[0m):
[34m>[0m Current card: CHAT
07/15/2024 10:20:30 [Project.Client.Views.UserListPanel] ([32mINFO[0m):
[34m>[0m Adding user to list: mike7 (4)
07/15/2024 10:20:42 [Project.Client.Client] ([32mINFO[0m):
[34m>[0m Received Payload: Payload[ROOM_JOIN] Client Id [5] Message: [lobby] Client Name [jim10] Status [connect]
07/15/2024 10:20:42 [Project.Client.ClientUI] ([32mINFO[0m):
[34m>[0m Current card: CHAT
07/15/2024 10:20:42 [Project.Client.Views.UserListPanel] ([32mINFO[0m):
[34m>[0m Adding user to list: jim10 (5)
07/15/2024 10:21:10 [Project.Client.ClientUI] ([34mFINE[0m):
[34m>[0m Current panel: ROOMS
07/15/2024 10:21:16 [Project.Client.Client] ([32mINFO[0m):
[34m>[0m Received Payload: Payload[ROOM_JOIN] Client Id [3] Message: [lobby] Client Name [shuaib12] Status [disconnect]
07/15/2024 10:21:16 [Project.Client.ClientUI] ([32mINFO[0m):
[34m>[0m Current card: ROOMS
07/15/2024 10:21:16 [Project.Client.Client] ([32mINFO[0m):
[34m>[0m Received Payload: Payload[ROOM_JOIN] Client Id [3] Message: [room1] Client Name [shuaib12] Status [connect]
07/15/2024 10:21:16 [Project.Client.Views.UserListPanel] ([32mINFO[0m):
[34m>[0m Removing user list item for id 3
07/15/2024 10:21:16 [Project.Client.ClientUI] ([32mINFO[0m):
[34m>[0m Current card: ROOMS
07/15/2024 10:21:16 [Project.Client.Views.UserListPanel] ([32mINFO[0m):
[34m>[0m Clearing user list
07/15/2024 10:21:16 [Project.Client.Views.UserListPanel] ([32mINFO[0m):
[34m>[0m Adding user to list: shuaib12 (3)
07/15/2024 10:21:22 [Project.Client.ClientUI] ([34mFINE[0m):
[34m>[0m Current panel: CHAT
07/15/2024 10:21:31 [Project.Client.Client] ([32mINFO[0m):
[34m>[0m Received Payload: Payload[ROOM_JOIN] Client Id [4] Message: [room1] Client Name [mike7] Status [connect]
07/15/2024 10:21:31 [Project.Client.ClientUI] ([32mINFO[0m):
[34m>[0m Current card: CHAT
07/15/2024 10:21:31 [Project.Client.Views.UserListPanel] ([32mINFO[0m):
[34m>[0m Adding user to list: mike7 (4)
07/15/2024 10:21:38 [Project.Client.Client] ([32mINFO[0m):
[34m>[0m Received Payload: Payload[ROOM_JOIN] Client Id [5] Message: [room1] Client Name [jim10] Status [connect]
07/15/2024 10:21:38 [Project.Client.ClientUI] ([32mINFO[0m):
[34m>[0m Current card: CHAT
07/15/2024 10:21:38 [Project.Client.Views.UserListPanel] ([32mINFO[0m):
[34m>[0m Adding user to list: jim10 (5)
07/15/2024 10:21:45 [Project.Client.Client] ([32mINFO[0m):
[34m>[0m Received Payload: Payload[MESSAGE] Client Id [3] Message: [hey there]
07/15/2024 10:21:51 [Project.Client.Client] ([32mINFO[0m):
[34m>[0m Received Payload: Payload[MESSAGE] Client Id [4] Message: [what's up folks]
07/15/2024 10:21:58 [Project.Client.Client] ([32mINFO[0m):
[34m>[0m Received Payload: Payload[MESSAGE] Client Id [5] Message: [how's it going]
07/15/2024 10:26:51 [Project.Client.Client] ([32mINFO[0m):
[34m>[0m Received Payload: Payload[MESSAGE] Client Id [-1] Message: [shuaib12 flipped a coin and got tails]
07/15/2024 10:27:48 [Project.Client.Client] ([32mINFO[0m):
[34m>[0m Received Payload: Payload[MESSAGE] Client Id [3] Message: [this is <i>bold</i>]
07/15/2024 10:32:41 [Project.Client.Client] ([32mINFO[0m):
[34m>[0m Received Payload: Payload[MESSAGE] Client Id [3] Message: [@jim10 hi]
07/15/2024 11:38:58 [Project.Client.Client] ([32mINFO[0m):
[34m>[0m Client Created
07/15/2024 11:38:58 [Project.Client.ClientUI] ([34mFINE[0m):
[34m>[0m Current panel: USER_INFO
07/15/2024 11:39:05 [Project.Client.Views.UserDetailsPanel] ([32mINFO[0m):
[34m>[0m Chosen username: shuaib121
07/15/2024 11:39:05 [Project.Client.Client] ([32mINFO[0m):
[34m>[0m Client connected
07/15/2024 11:39:05 [Project.Client.Client] ([32mINFO[0m):
[34m>[0m Received Payload: Payload[CLIENT_ID] Client Id [1] Message: [null] Client Name [shuaib121] Status [connect]
07/15/2024 11:39:05 [Project.Client.ClientUI] ([34mFINE[0m):
[34m>[0m Current panel: CHAT
07/15/2024 11:39:05 [Project.Client.Client] ([32mINFO[0m):
[34m>[0m Received Payload: Payload[ROOM_JOIN] Client Id [1] Message: [lobby] Client Name [shuaib121] Status [connect]
07/15/2024 11:39:05 [Project.Client.ClientUI] ([32mINFO[0m):
[34m>[0m Current card: CHAT
07/15/2024 11:39:05 [Project.Client.Views.UserListPanel] ([32mINFO[0m):
[34m>[0m Adding user to list: shuaib121 (1)
07/15/2024 11:39:14 [Project.Client.Client] ([32mINFO[0m):
[34m>[0m Received Payload: Payload[MESSAGE] Client Id [1] Message: [this is <i>bold</i>]
07/15/2024 11:39:31 [Project.Client.Client] ([32mINFO[0m):
[34m>[0m Received Payload: Payload[MESSAGE] Client Id [1] Message: [hello this is <u>so</u>]
07/15/2024 12:00:56 [Project.Client.Client] ([32mINFO[0m):
[34m>[0m Received Payload: Payload[DISCONNECT] Client Id [1] Message: [null] Client Name [shuaib121] Status [disconnect]
07/15/2024 12:02:31 [Project.Client.Client] ([32mINFO[0m):
[34m>[0m Client Created
07/15/2024 12:02:31 [Project.Client.ClientUI] ([34mFINE[0m):
[34m>[0m Current panel: USER_INFO
07/15/2024 12:02:35 [Project.Client.Views.UserDetailsPanel] ([32mINFO[0m):
[34m>[0m Chosen username: shu12
07/15/2024 12:02:35 [Project.Client.Client] ([32mINFO[0m):
[34m>[0m Client connected
07/15/2024 12:02:36 [Project.Client.Client] ([32mINFO[0m):
[34m>[0m Received Payload: Payload[CLIENT_ID] Client Id [1] Message: [null] Client Name [shu12] Status [connect]
07/15/2024 12:02:36 [Project.Client.ClientUI] ([34mFINE[0m):
[34m>[0m Current panel: CHAT
07/15/2024 12:02:36 [Project.Client.Client] ([32mINFO[0m):
[34m>[0m Received Payload: Payload[ROOM_JOIN] Client Id [1] Message: [lobby] Client Name [shu12] Status [connect]
07/15/2024 12:02:36 [Project.Client.ClientUI] ([32mINFO[0m):
[34m>[0m Current card: CHAT
07/15/2024 12:02:36 [Project.Client.Views.UserListPanel] ([32mINFO[0m):
[34m>[0m Adding user to list: shu12 (1)
07/15/2024 12:02:48 [Project.Client.Client] ([32mINFO[0m):
[34m>[0m Received Payload: Payload[MESSAGE] Client Id [1] Message: [hello this is <b>bold</b>]
07/15/2024 12:05:30 [Project.Client.Client] ([32mINFO[0m):
[34m>[0m Received Payload: Payload[MESSAGE] Client Id [1] Message: [This is <i>bold and -italic- and <u>underline</u> and [rred r] and [g green g] and [b blue bl and a mix </i>-_[b of bold italic underline red bL-1]
07/15/2024 12:08:06 [Project.Client.Client] ([32mINFO[0m):
[34m>[0m Received Payload: Payload[MESSAGE] Client Id [1] Message: [This is <i>bold</i> and -italic- and <u>underline</u> and [r red r] and [g green g] and [b blue b] and a mix <i>-<u>[b of bold italic underline red b]</u>-</i>]
07/15/2024 12:08:23 [Project.Client.Client] ([32mINFO[0m):
[34m>[0m Received Payload: Payload[MESSAGE] Client Id [1] Message: [hello this is -cool-]
07/15/2024 12:08:49 [Project.Client.Client] ([32mINFO[0m):
[34m>[0m Received Payload: Payload[MESSAGE] Client Id [1] Message: [how to do -italitc-]
07/15/2024 12:08:55 [Project.Client.Client] ([32mINFO[0m):
[34m>[0m Received Payload: Payload[DISCONNECT] Client Id [1] Message: [null] Client Name [shu12] Status [disconnect]
07/15/2024 12:10:33 [Project.Client.Client] ([32mINFO[0m):
[34m>[0m Client Created
07/15/2024 12:10:33 [Project.Client.ClientUI] ([34mFINE[0m):
[34m>[0m Current panel: USER_INFO
07/15/2024 12:10:35 [Project.Client.Views.UserDetailsPanel] ([32mINFO[0m):
[34m>[0m Chosen username: jjj
07/15/2024 12:10:35 [Project.Client.Client] ([32mINFO[0m):
[34m>[0m Client connected
07/15/2024 12:10:35 [Project.Client.Client] ([32mINFO[0m):
[34m>[0m Received Payload: Payload[CLIENT_ID] Client Id [2] Message: [null] Client Name [jjj] Status [connect]
07/15/2024 12:10:35 [Project.Client.ClientUI] ([34mFINE[0m):
[34m>[0m Current panel: CHAT
07/15/2024 12:10:35 [Project.Client.Client] ([32mINFO[0m):
[34m>[0m Received Payload: Payload[ROOM_JOIN] Client Id [2] Message: [lobby] Client Name [jjj] Status [connect]
07/15/2024 12:10:35 [Project.Client.ClientUI] ([32mINFO[0m):
[34m>[0m Current card: CHAT
07/15/2024 12:10:35 [Project.Client.Views.UserListPanel] ([32mINFO[0m):
[34m>[0m Adding user to list: jjj (2)
07/15/2024 12:10:41 [Project.Client.Client] ([32mINFO[0m):
[34m>[0m Received Payload: Payload[MESSAGE] Client Id [2] Message: [this is <b>cool</b>]
07/15/2024 12:10:46 [Project.Client.Client] ([32mINFO[0m):
[34m>[0m Received Payload: Payload[MESSAGE] Client Id [2] Message: [this is <i>cool</i>]
07/15/2024 12:11:33 [Project.Client.Client] ([32mINFO[0m):
[34m>[0m Received Payload: Payload[MESSAGE] Client Id [2] Message: [this is <red>[bloody]</red>]
07/15/2024 12:12:52 [Project.Client.Client] ([32mINFO[0m):
[34m>[0m Received Payload: Payload[MESSAGE] Client Id [2] Message: [this is <red>cool</red>]
07/15/2024 12:13:42 [Project.Client.Client] ([32mINFO[0m):
[34m>[0m Received Payload: Payload[MESSAGE] Client Id [2] Message: [How to <u>underline</u>]
07/15/2024 12:14:36 [Project.Client.Client] ([32mINFO[0m):
[34m>[0m Received Payload: Payload[MESSAGE] Client Id [2] Message: [This is <b>bold</b> and this is <i>italics</i> and this is <u>underline</u>]
07/15/2024 12:14:51 [Project.Client.Client] ([32mINFO[0m):
[34m>[0m Received Payload: Payload[DISCONNECT] Client Id [2] Message: [null] Client Name [jjj] Status [disconnect]
07/15/2024 12:14:51 [Project.Client.ClientUI] ([32mINFO[0m):
[34m>[0m I disconnected
07/15/2024 12:17:55 [Project.Client.Client] ([32mINFO[0m):
[34m>[0m Client Created
07/15/2024 12:17:55 [Project.Client.ClientUI] ([34mFINE[0m):
[34m>[0m Current panel: USER_INFO
07/15/2024 12:17:57 [Project.Client.Views.UserDetailsPanel] ([32mINFO[0m):
[34m>[0m Chosen username: mklrg
07/15/2024 12:17:57 [Project.Client.Client] ([32mINFO[0m):
[34m>[0m Client connected
07/15/2024 12:17:57 [Project.Client.Client] ([32mINFO[0m):
[34m>[0m Received Payload: Payload[CLIENT_ID] Client Id [3] Message: [null] Client Name [mklrg] Status [connect]
07/15/2024 12:17:57 [Project.Client.ClientUI] ([34mFINE[0m):
[34m>[0m Current panel: CHAT
07/15/2024 12:17:57 [Project.Client.Client] ([32mINFO[0m):
[34m>[0m Received Payload: Payload[ROOM_JOIN] Client Id [3] Message: [lobby] Client Name [mklrg] Status [connect]
07/15/2024 12:17:57 [Project.Client.ClientUI] ([32mINFO[0m):
[34m>[0m Current card: CHAT
07/15/2024 12:17:57 [Project.Client.Views.UserListPanel] ([32mINFO[0m):
[34m>[0m Adding user to list: mklrg (3)
07/15/2024 12:18:27 [Project.Client.Client] ([32mINFO[0m):
[34m>[0m Received Payload: Payload[MESSAGE] Client Id [3] Message: [this is #rcool#r]
07/15/2024 12:19:07 [Project.Client.Client] ([32mINFO[0m):
[34m>[0m Received Payload: Payload[MESSAGE] Client Id [3] Message: [this is <red>cool</red>]
07/15/2024 12:19:22 [Project.Client.Client] ([32mINFO[0m):
[34m>[0m Received Payload: Payload[DISCONNECT] Client Id [3] Message: [null] Client Name [mklrg] Status [disconnect]
07/15/2024 12:22:30 [Project.Client.Client] ([32mINFO[0m):
[34m>[0m Client Created
07/15/2024 12:22:30 [Project.Client.ClientUI] ([34mFINE[0m):
[34m>[0m Current panel: USER_INFO
07/15/2024 12:22:33 [Project.Client.Views.UserDetailsPanel] ([32mINFO[0m):
[34m>[0m Chosen username: jdsj;j
07/15/2024 12:22:33 [Project.Client.Client] ([32mINFO[0m):
[34m>[0m Client connected
07/15/2024 12:22:33 [Project.Client.Client] ([32mINFO[0m):
[34m>[0m Received Payload: Payload[CLIENT_ID] Client Id [1] Message: [null] Client Name [jdsj;j] Status [connect]
07/15/2024 12:22:33 [Project.Client.ClientUI] ([34mFINE[0m):
[34m>[0m Current panel: CHAT
07/15/2024 12:22:33 [Project.Client.Client] ([32mINFO[0m):
[34m>[0m Received Payload: Payload[ROOM_JOIN] Client Id [1] Message: [lobby] Client Name [jdsj;j] Status [connect]
07/15/2024 12:22:33 [Project.Client.ClientUI] ([32mINFO[0m):
[34m>[0m Current card: CHAT
07/15/2024 12:22:33 [Project.Client.Views.UserListPanel] ([32mINFO[0m):
[34m>[0m Adding user to list: jdsj;j (1)
07/15/2024 12:22:48 [Project.Client.Client] ([32mINFO[0m):
[34m>[0m Received Payload: Payload[MESSAGE] Client Id [1] Message: [this is <span style='color:red;'>cool</span>]
07/15/2024 12:23:13 [Project.Client.Client] ([32mINFO[0m):
[34m>[0m Received Payload: Payload[MESSAGE] Client Id [1] Message: [this is <span style='color:green;'>awesome</span>]
07/15/2024 12:23:32 [Project.Client.Client] ([32mINFO[0m):
[34m>[0m Received Payload: Payload[MESSAGE] Client Id [1] Message: [this is <span style='color:blue;'>great</span>]
07/15/2024 12:23:39 [Project.Client.Client] ([32mINFO[0m):
[34m>[0m Received Payload: Payload[MESSAGE] Client Id [1] Message: [this is <span style='color:blue;'> great </span>]
07/15/2024 12:24:06 [Project.Client.Client] ([32mINFO[0m):
[34m>[0m Received Payload: Payload[MESSAGE] Client Id [1] Message: [This is bold and -italic- and <u>underline</u> and [rred r] and [g green g] and [b blue bl and a mix *-_[b of bold italic underline red bL-]
07/15/2024 12:24:42 [Project.Client.Client] ([32mINFO[0m):
[34m>[0m Received Payload: Payload[MESSAGE] Client Id [1] Message: [this is <i>bold</i>]
07/15/2024 12:25:34 [Project.Client.Client] ([32mINFO[0m):
[34m>[0m Received Payload: Payload[MESSAGE] Client Id [1] Message: [r<span style='color:red;'>ed</span>]
07/15/2024 12:25:44 [Project.Client.Client] ([32mINFO[0m):
[34m>[0m Received Payload: Payload[MESSAGE] Client Id [1] Message: [r# red r#]
07/15/2024 12:26:00 [Project.Client.Client] ([32mINFO[0m):
[34m>[0m Received Payload: Payload[MESSAGE] Client Id [1] Message: [r# this is redr#]
07/15/2024 12:26:13 [Project.Client.Client] ([32mINFO[0m):
[34m>[0m Received Payload: Payload[MESSAGE] Client Id [1] Message: [<span style='color:red;'>red</span>]
07/15/2024 12:26:50 [Project.Client.Client] ([32mINFO[0m):
[34m>[0m Received Payload: Payload[MESSAGE] Client Id [1] Message: [<span style='color:green;'>green</span>]
07/15/2024 12:27:13 [Project.Client.Client] ([32mINFO[0m):
[34m>[0m Received Payload: Payload[MESSAGE] Client Id [1] Message: [<span style='color:blue;'>blue</span>]
07/15/2024 12:30:08 [Project.Client.Client] ([32mINFO[0m):
[34m>[0m Received Payload: Payload[MESSAGE] Client Id [1] Message: [This is <b>bold</b> and this is <i>italic</i> and <u>underline</u> and <span style='color:red;'>red</span> and <span style='color:green;'>green</span> and <span style='color:blue;'>blue</span> and a mix <i><u>[<b>of bold italic underline red</b>]</u></i>]
07/15/2024 12:30:57 [Project.Client.Client] ([32mINFO[0m):
[34m>[0m Received Payload: Payload[MESSAGE] Client Id [1] Message: [This is <b>bold</b> and this is <i>italic</i> and <u>underline</u> and <span style='color:red;'>red</span> and <span style='color:green;'>green</span> and <span style='color:blue;'>blue</span> and a mix <i><u>[<b><span style='color:red;'>of bold italic underline red</span></b>]</u></i>]
07/15/2024 12:31:15 [Project.Client.Client] ([32mINFO[0m):
[34m>[0m Received Payload: Payload[MESSAGE] Client Id [1] Message: [This is <b>bold</b> and this is <i>italic</i> and <u>underline</u> and <span style='color:red;'>red</span> and <span style='color:green;'>green</span> and <span style='color:blue;'>blue</span> and a mix <i><u><b><span style='color:red;'>of bold italic underline red</span></b></u></i>]
07/15/2024 13:12:08 [Project.Client.Client] ([32mINFO[0m):
[34m>[0m Received Payload: Payload[DISCONNECT] Client Id [1] Message: [null] Client Name [jdsj;j] Status [disconnect]
07/15/2024 18:06:05 [Project.Client.Client] ([32mINFO[0m):
[34m>[0m Client Created
07/15/2024 18:06:05 [Project.Client.ClientUI] ([34mFINE[0m):
[34m>[0m Current panel: USER_INFO
07/15/2024 18:06:09 [Project.Client.Views.UserDetailsPanel] ([32mINFO[0m):
[34m>[0m Chosen username: Shuaib121
07/15/2024 18:06:09 [Project.Client.Client] ([32mINFO[0m):
[34m>[0m Client connected
07/15/2024 18:06:09 [Project.Client.Client] ([32mINFO[0m):
[34m>[0m Received Payload: Payload[CLIENT_ID] Client Id [1] Message: [null] Client Name [Shuaib121] Status [connect]
07/15/2024 18:06:09 [Project.Client.ClientUI] ([34mFINE[0m):
[34m>[0m Current panel: CHAT
07/15/2024 18:06:09 [Project.Client.Client] ([32mINFO[0m):
[34m>[0m Received Payload: Payload[ROOM_JOIN] Client Id [1] Message: [lobby] Client Name [Shuaib121] Status [connect]
07/15/2024 18:06:09 [Project.Client.ClientUI] ([32mINFO[0m):
[34m>[0m Current card: CHAT
07/15/2024 18:06:09 [Project.Client.Views.UserListPanel] ([32mINFO[0m):
[34m>[0m Adding user to list: Shuaib121 (1)
07/15/2024 18:06:44 [Project.Client.Client] ([32mINFO[0m):
[34m>[0m Received Payload: Payload[ROOM_JOIN] Client Id [2] Message: [lobby] Client Name [JJ1221] Status [connect]
07/15/2024 18:06:44 [Project.Client.ClientUI] ([32mINFO[0m):
[34m>[0m Current card: CHAT
07/15/2024 18:06:44 [Project.Client.Views.UserListPanel] ([32mINFO[0m):
[34m>[0m Adding user to list: JJ1221 (2)
07/15/2024 18:07:04 [Project.Client.Client] ([32mINFO[0m):
[34m>[0m Received Payload: Payload[MESSAGE] Client Id [1] Message: [[Whisper from Shuaib121]: hello]
07/15/2024 18:07:47 [Project.Client.Client] ([32mINFO[0m):
[34m>[0m Received Payload: Payload[ROOM_JOIN] Client Id [3] Message: [lobby] Client Name [MIke7] Status [connect]
07/15/2024 18:07:47 [Project.Client.ClientUI] ([32mINFO[0m):
[34m>[0m Current card: CHAT
07/15/2024 18:07:47 [Project.Client.Views.UserListPanel] ([32mINFO[0m):
[34m>[0m Adding user to list: MIke7 (3)
07/15/2024 18:08:25 [Project.Client.Client] ([32mINFO[0m):
[34m>[0m Received Payload: Payload[MESSAGE] Client Id [2] Message: [[Whisper from JJ1221]: what's up]
07/15/2024 18:08:56 [Project.Client.Client] ([32mINFO[0m):
[34m>[0m Received Payload: Payload[MESSAGE] Client Id [3] Message: [<b>Howdy</b>]
07/15/2024 18:10:23 [Project.Client.Client] ([32mINFO[0m):
[34m>[0m Received Payload: Payload[MESSAGE] Client Id [3] Message: [[Whisper from MIke7]: This is *cool*]
07/15/2024 18:13:43 [Project.Client.Client] ([32mINFO[0m):
[34m>[0m Received Payload: Payload[DISCONNECT] Client Id [3] Message: [null] Client Name [MIke7] Status [disconnect]
07/15/2024 18:13:43 [Project.Client.ClientUI] ([32mINFO[0m):
[34m>[0m Current card: CHAT
07/15/2024 18:13:43 [Project.Client.Views.UserListPanel] ([32mINFO[0m):
[34m>[0m Removing user list item for id 3
07/15/2024 18:13:43 [Project.Client.Views.UserListPanel] ([32mINFO[0m):
[34m>[0m Removing user list item for id 3
07/15/2024 18:13:45 [Project.Client.Client] ([32mINFO[0m):
[34m>[0m Received Payload: Payload[DISCONNECT] Client Id [2] Message: [null] Client Name [JJ1221] Status [disconnect]
07/15/2024 18:13:45 [Project.Client.Views.UserListPanel] ([32mINFO[0m):
[34m>[0m Removing user list item for id 2
07/15/2024 18:13:45 [Project.Client.ClientUI] ([32mINFO[0m):
[34m>[0m Current card: CHAT
07/15/2024 18:13:45 [Project.Client.Views.UserListPanel] ([32mINFO[0m):
[34m>[0m Removing user list item for id 2
07/15/2024 18:13:56 [Project.Client.Client] ([32mINFO[0m):
[34m>[0m Received Payload: Payload[DISCONNECT] Client Id [1] Message: [null] Client Name [Shuaib121] Status [disconnect]
07/15/2024 18:13:56 [Project.Client.ClientUI] ([32mINFO[0m):
[34m>[0m I disconnected
07/15/2024 18:19:56 [Project.Client.Client] ([32mINFO[0m):
[34m>[0m Client Created
07/15/2024 18:19:56 [Project.Client.ClientUI] ([34mFINE[0m):
[34m>[0m Current panel: USER_INFO
07/15/2024 18:20:05 [Project.Client.Views.UserDetailsPanel] ([32mINFO[0m):
[34m>[0m Chosen username: Jay
07/15/2024 18:20:05 [Project.Client.Client] ([32mINFO[0m):
[34m>[0m Client connected
07/15/2024 18:20:05 [Project.Client.Client] ([32mINFO[0m):
[34m>[0m Received Payload: Payload[CLIENT_ID] Client Id [2] Message: [null] Client Name [Jay] Status [connect]
07/15/2024 18:20:05 [Project.Client.ClientUI] ([34mFINE[0m):
[34m>[0m Current panel: CHAT
07/15/2024 18:20:05 [Project.Client.Client] ([32mINFO[0m):
[34m>[0m Received Payload: Payload[ROOM_JOIN] Client Id [2] Message: [lobby] Client Name [Jay] Status [connect]
07/15/2024 18:20:05 [Project.Client.ClientUI] ([32mINFO[0m):
[34m>[0m Current card: CHAT
07/15/2024 18:20:05 [Project.Client.Client] ([32mINFO[0m):
[34m>[0m Received Payload: Payload[SYNC_CLIENT] Client Id [1] Message: [null] Client Name [Shuaib] Status [connect]
07/15/2024 18:20:06 [Project.Client.Views.UserListPanel] ([32mINFO[0m):
[34m>[0m Adding user to list: Jay (2)
07/15/2024 18:20:06 [Project.Client.Views.UserListPanel] ([32mINFO[0m):
[34m>[0m Adding user to list: Shuaib (1)
07/15/2024 18:20:10 [Project.Client.Client] ([32mINFO[0m):
[34m>[0m Received Payload: Payload[ROOM_JOIN] Client Id [3] Message: [lobby] Client Name [Mike] Status [connect]
07/15/2024 18:20:10 [Project.Client.ClientUI] ([32mINFO[0m):
[34m>[0m Current card: CHAT
07/15/2024 18:20:10 [Project.Client.Views.UserListPanel] ([32mINFO[0m):
[34m>[0m Adding user to list: Mike (3)
07/15/2024 18:20:47 [Project.Client.Client] ([32mINFO[0m):
[34m>[0m Received Payload: Payload[MESSAGE] Client Id [1] Message: [[Whisper from Shuaib]: How is it <b>going</b>]
07/15/2024 18:21:13 [Project.Client.Client] ([32mINFO[0m):
[34m>[0m Received Payload: Payload[MESSAGE] Client Id [2] Message: [[Whisper from Jay]: Is it <i>fancy</i>]
07/15/2024 18:21:45 [Project.Client.Client] ([32mINFO[0m):
[34m>[0m Received Payload: Payload[MESSAGE] Client Id [3] Message: [r# red #r]
07/15/2024 18:21:53 [Project.Client.Client] ([32mINFO[0m):
[34m>[0m Received Payload: Payload[MESSAGE] Client Id [3] Message: [<span style='color:red;'> red </span>]
07/15/2024 18:23:08 [Project.Client.Client] ([32mINFO[0m):
[34m>[0m Received Payload: Payload[MESSAGE] Client Id [1] Message: [[Whisper from Shuaib]: His gamertag is Smart<u>Robot</u>]
07/15/2024 18:23:45 [Project.Client.Client] ([32mINFO[0m):
[34m>[0m Received Payload: Payload[MESSAGE] Client Id [2] Message: [[Whisper from Jay]: The sky is <span style='color:blue;'> blue </span>]
07/15/2024 18:30:43 [Project.Client.Client] ([32mINFO[0m):
[34m>[0m Received Payload: Payload[ROOM_JOIN] Client Id [1] Message: [lobby] Client Name [Shuaib] Status [disconnect]
07/15/2024 18:30:43 [Project.Client.ClientUI] ([32mINFO[0m):
[34m>[0m Current card: CHAT
07/15/2024 18:30:43 [Project.Client.Views.UserListPanel] ([32mINFO[0m):
[34m>[0m Removing user list item for id 1
07/15/2024 18:31:09 [Project.Client.Client] ([32mINFO[0m):
[34m>[0m Received Payload: Payload[ROOM_JOIN] Client Id [2] Message: [lobby] Client Name [Jay] Status [disconnect]
07/15/2024 18:31:09 [Project.Client.ClientUI] ([32mINFO[0m):
[34m>[0m Current card: CHAT
07/15/2024 18:31:09 [Project.Client.Client] ([32mINFO[0m):
[34m>[0m Received Payload: Payload[ROOM_JOIN] Client Id [2] Message: [l] Client Name [Jay] Status [connect]
07/15/2024 18:31:09 [Project.Client.ClientUI] ([32mINFO[0m):
[34m>[0m Current card: CHAT
07/15/2024 18:31:09 [Project.Client.Client] ([32mINFO[0m):
[34m>[0m Received Payload: Payload[SYNC_CLIENT] Client Id [1] Message: [null] Client Name [Shuaib] Status [connect]
07/15/2024 18:31:09 [Project.Client.Views.UserListPanel] ([32mINFO[0m):
[34m>[0m Removing user list item for id 2
07/15/2024 18:31:09 [Project.Client.Views.UserListPanel] ([32mINFO[0m):
[34m>[0m Clearing user list
07/15/2024 18:31:09 [Project.Client.Views.UserListPanel] ([32mINFO[0m):
[34m>[0m Adding user to list: Jay (2)
07/15/2024 18:31:09 [Project.Client.Views.UserListPanel] ([32mINFO[0m):
[34m>[0m Adding user to list: Shuaib (1)
07/15/2024 18:31:11 [Project.Client.ClientUI] ([34mFINE[0m):
[34m>[0m Current panel: ROOMS
07/15/2024 18:31:13 [Project.Client.ClientUI] ([34mFINE[0m):
[34m>[0m Current panel: CHAT
07/15/2024 18:31:18 [Project.Client.Client] ([32mINFO[0m):
[34m>[0m Received Payload: Payload[DISCONNECT] Client Id [1] Message: [null] Client Name [Shuaib] Status [disconnect]
07/15/2024 18:31:18 [Project.Client.Views.UserListPanel] ([32mINFO[0m):
[34m>[0m Removing user list item for id 1
07/15/2024 18:31:18 [Project.Client.ClientUI] ([32mINFO[0m):
[34m>[0m Current card: CHAT
07/15/2024 18:31:18 [Project.Client.Views.UserListPanel] ([32mINFO[0m):
[34m>[0m Removing user list item for id 1
07/15/2024 18:31:21 [Project.Client.Client] ([32mINFO[0m):
[34m>[0m Received Payload: Payload[DISCONNECT] Client Id [2] Message: [null] Client Name [Jay] Status [disconnect]
07/15/2024 18:31:21 [Project.Client.ClientUI] ([32mINFO[0m):
[34m>[0m I disconnected
07/15/2024 19:18:00 [Project.Client.Client] ([32mINFO[0m):
[34m>[0m Client Created
07/15/2024 19:18:01 [Project.Client.ClientUI] ([34mFINE[0m):
[34m>[0m Current panel: USER_INFO
07/15/2024 19:18:22 [Project.Client.Views.UserDetailsPanel] ([32mINFO[0m):
[34m>[0m Chosen username: Shuaib
07/15/2024 19:18:22 [Project.Client.Client] ([32mINFO[0m):
[34m>[0m Client connected
07/15/2024 19:18:22 [Project.Client.Client] ([32mINFO[0m):
[34m>[0m Received Payload: Payload[CLIENT_ID] Client Id [1] Message: [null] Client Name [Shuaib] Status [connect]
07/15/2024 19:18:22 [Project.Client.ClientUI] ([34mFINE[0m):
[34m>[0m Current panel: CHAT
07/15/2024 19:18:22 [Project.Client.Client] ([32mINFO[0m):
[34m>[0m Received Payload: Payload[ROOM_JOIN] Client Id [1] Message: [lobby] Client Name [Shuaib] Status [connect]
07/15/2024 19:18:22 [Project.Client.ClientUI] ([32mINFO[0m):
[34m>[0m Current card: CHAT
07/15/2024 19:18:23 [Project.Client.Views.UserListPanel] ([32mINFO[0m):
[34m>[0m Adding user to list: Shuaib (1)
07/15/2024 19:18:24 [Project.Client.Client] ([32mINFO[0m):
[34m>[0m Received Payload: Payload[ROOM_JOIN] Client Id [2] Message: [lobby] Client Name [Jay] Status [connect]
07/15/2024 19:18:24 [Project.Client.ClientUI] ([32mINFO[0m):
[34m>[0m Current card: CHAT
07/15/2024 19:18:24 [Project.Client.Views.UserListPanel] ([32mINFO[0m):
[34m>[0m Adding user to list: Jay (2)
07/15/2024 19:18:25 [Project.Client.Client] ([32mINFO[0m):
[34m>[0m Received Payload: Payload[ROOM_JOIN] Client Id [3] Message: [lobby] Client Name [Tim] Status [connect]
07/15/2024 19:18:25 [Project.Client.ClientUI] ([32mINFO[0m):
[34m>[0m Current card: CHAT
07/15/2024 19:18:25 [Project.Client.Views.UserListPanel] ([32mINFO[0m):
[34m>[0m Adding user to list: Tim (3)
07/15/2024 19:18:35 [Project.Client.Client] ([32mINFO[0m):
[34m>[0m Received Payload: Payload[MESSAGE] Client Id [1] Message: [You have muted Tim]
07/15/2024 19:18:45 [Project.Client.Client] ([32mINFO[0m):
[34m>[0m Received Payload: Payload[MESSAGE] Client Id [1] Message: [You have unmuted Tim]
07/15/2024 19:43:18 [Project.Client.Client] ([32mINFO[0m):
[34m>[0m Received Payload: Payload[DISCONNECT] Client Id [3] Message: [null] Client Name [Tim] Status [disconnect]
07/15/2024 19:43:18 [Project.Client.ClientUI] ([32mINFO[0m):
[34m>[0m Current card: CHAT
07/15/2024 19:43:18 [Project.Client.Views.UserListPanel] ([32mINFO[0m):
[34m>[0m Removing user list item for id 3
07/15/2024 19:43:18 [Project.Client.Views.UserListPanel] ([32mINFO[0m):
[34m>[0m Removing user list item for id 3
07/15/2024 19:43:56 [Project.Client.Client] ([32mINFO[0m):
[34m>[0m Client Created
07/15/2024 19:43:56 [Project.Client.ClientUI] ([34mFINE[0m):
[34m>[0m Current panel: USER_INFO
07/15/2024 19:44:03 [Project.Client.Views.UserDetailsPanel] ([32mINFO[0m):
[34m>[0m Chosen username: Shuaib
07/15/2024 19:44:03 [Project.Client.Client] ([32mINFO[0m):
[34m>[0m Client connected
07/15/2024 19:44:03 [Project.Client.Client] ([32mINFO[0m):
[34m>[0m Received Payload: Payload[CLIENT_ID] Client Id [4] Message: [null] Client Name [Shuaib] Status [connect]
07/15/2024 19:44:03 [Project.Client.ClientUI] ([34mFINE[0m):
[34m>[0m Current panel: CHAT
07/15/2024 19:44:03 [Project.Client.Client] ([32mINFO[0m):
[34m>[0m Received Payload: Payload[ROOM_JOIN] Client Id [4] Message: [lobby] Client Name [Shuaib] Status [connect]
07/15/2024 19:44:03 [Project.Client.ClientUI] ([32mINFO[0m):
[34m>[0m Current card: CHAT
07/15/2024 19:44:03 [Project.Client.Views.UserListPanel] ([32mINFO[0m):
[34m>[0m Adding user to list: Shuaib (4)
07/15/2024 19:44:09 [Project.Client.Client] ([32mINFO[0m):
[34m>[0m Received Payload: Payload[ROOM_JOIN] Client Id [5] Message: [lobby] Client Name [Jay] Status [connect]
07/15/2024 19:44:09 [Project.Client.ClientUI] ([32mINFO[0m):
[34m>[0m Current card: CHAT
07/15/2024 19:44:09 [Project.Client.Views.UserListPanel] ([32mINFO[0m):
[34m>[0m Adding user to list: Jay (5)
07/15/2024 19:44:13 [Project.Client.Client] ([32mINFO[0m):
[34m>[0m Received Payload: Payload[ROOM_JOIN] Client Id [6] Message: [lobby] Client Name [Tim] Status [connect]
07/15/2024 19:44:13 [Project.Client.ClientUI] ([32mINFO[0m):
[34m>[0m Current card: CHAT
07/15/2024 19:44:13 [Project.Client.Views.UserListPanel] ([32mINFO[0m):
[34m>[0m Adding user to list: Tim (6)
07/15/2024 19:44:33 [Project.Client.Client] ([32mINFO[0m):
[34m>[0m Received Payload: Payload[MESSAGE] Client Id [4] Message: [Hey there]
07/15/2024 19:44:50 [Project.Client.Client] ([32mINFO[0m):
[34m>[0m Received Payload: Payload[MESSAGE] Client Id [4] Message: [You have muted Jay]
07/15/2024 19:46:16 [Project.Client.Client] ([32mINFO[0m):
[34m>[0m Received Payload: Payload[MESSAGE] Client Id [4] Message: [You have unmuted Jay]
07/15/2024 19:46:26 [Project.Client.Client] ([32mINFO[0m):
[34m>[0m Received Payload: Payload[MESSAGE] Client Id [5] Message: [The sky is bright blue!]
07/15/2024 20:17:38 [Project.Client.Client] ([32mINFO[0m):
[34m>[0m Received Payload: Payload[MESSAGE] Client Id [4] Message: [It is <b>cool</b>]
07/15/2024 20:17:45 [Project.Client.Client] ([32mINFO[0m):
[34m>[0m Received Payload: Payload[MESSAGE] Client Id [4] Message: [This is <i>fire</i>]
07/15/2024 20:18:15 [Project.Client.Client] ([32mINFO[0m):
[34m>[0m Received Payload: Payload[MESSAGE] Client Id [4] Message: [This is <u>important</u>]
07/15/2024 20:19:10 [Project.Client.Client] ([32mINFO[0m):
[34m>[0m Received Payload: Payload[MESSAGE] Client Id [4] Message: [The shirt is <span style='color:red;'> red </span>]
07/15/2024 20:19:26 [Project.Client.Client] ([32mINFO[0m):
[34m>[0m Received Payload: Payload[MESSAGE] Client Id [4] Message: [The sky is <span style='color:blue;'> blue </span>]
07/15/2024 20:19:38 [Project.Client.Client] ([32mINFO[0m):
[34m>[0m Received Payload: Payload[MESSAGE] Client Id [4] Message: [The grass is <span style='color:green;'> green </span>]
07/15/2024 20:19:58 [Project.Client.Client] ([32mINFO[0m):
[34m>[0m Received Payload: Payload[MESSAGE] Client Id [4] Message: [This is <b>bold</b> and this is <i>italic</i> and <u>underline</u> and <span style='color:red;'>red</span> and <span style='color:green;'>green</span> and <span style='color:blue;'>blue</span> and a mix <i><u><b><span style='color:red;'>of bold italic underline red</span></b></u></i>]
07/15/2024 20:22:57 [Project.Client.Client] ([32mINFO[0m):
[34m>[0m Received Payload: Payload[MESSAGE] Client Id [-1] Message: [Shuaib rolled 1d5 and got 4 (total: 4)]
07/15/2024 20:23:02 [Project.Client.Client] ([32mINFO[0m):
[34m>[0m Received Payload: Payload[MESSAGE] Client Id [4] Message: [/roll]
07/15/2024 20:23:11 [Project.Client.Client] ([32mINFO[0m):
[34m>[0m Received Payload: Payload[MESSAGE] Client Id [-1] Message: [Shuaib rolled 2d6 and got 1 5 (total: 6)]
07/15/2024 20:23:31 [Project.Client.Client] ([32mINFO[0m):
[34m>[0m Received Payload: Payload[MESSAGE] Client Id [-1] Message: [Shuaib flipped a coin and got heads]
07/15/2024 20:23:34 [Project.Client.Client] ([32mINFO[0m):
[34m>[0m Received Payload: Payload[MESSAGE] Client Id [-1] Message: [Shuaib flipped a coin and got tails]
07/15/2024 20:39:58 [Project.Client.Client] ([32mINFO[0m):
[34m>[0m Received Payload: Payload[MESSAGE] Client Id [4] Message: [[Whisper from Shuaib]: This is <b>really</b> fun]
07/15/2024 20:40:43 [Project.Client.Client] ([32mINFO[0m):
[34m>[0m Received Payload: Payload[MESSAGE] Client Id [5] Message: [[Whisper from Jay]: I think it's time for the <u>Main Event</u>]
07/15/2024 20:41:05 [Project.Client.Client] ([32mINFO[0m):
[34m>[0m Received Payload: Payload[MESSAGE] Client Id [6] Message: [[Whisper from Tim]: I wonder <i>who</i> will come out?]
07/15/2024 20:42:57 [Project.Client.Client] ([32mINFO[0m):
[34m>[0m Received Payload: Payload[MESSAGE] Client Id [4] Message: [[Whisper from Shuaib]: Me <span style='color:red;'> too </span>]
07/15/2024 21:55:31 [Project.Client.Client] ([32mINFO[0m):
[34m>[0m Received Payload: Payload[DISCONNECT] Client Id [4] Message: [null] Client Name [Shuaib] Status [disconnect]
07/16/2024 10:44:10 [Project.Client.Client] ([32mINFO[0m):
[34m>[0m Client Created
07/16/2024 10:44:10 [Project.Client.ClientUI] ([34mFINE[0m):
[34m>[0m Current panel: USER_INFO
07/16/2024 10:44:13 [Project.Client.Views.UserDetailsPanel] ([32mINFO[0m):
[34m>[0m Chosen username: Shuaib
07/16/2024 10:44:13 [Project.Client.Client] ([32mINFO[0m):
[34m>[0m Client connected
07/16/2024 10:44:14 [Project.Client.Client] ([32mINFO[0m):
[34m>[0m Received Payload: Payload[CLIENT_ID] Client Id [1] Message: [null] Client Name [Shuaib] Status [connect]
07/16/2024 10:44:14 [Project.Client.ClientUI] ([34mFINE[0m):
[34m>[0m Current panel: CHAT
07/16/2024 10:44:14 [Project.Client.Client] ([32mINFO[0m):
[34m>[0m Received Payload: Payload[ROOM_JOIN] Client Id [1] Message: [lobby] Client Name [Shuaib] Status [connect]
07/16/2024 10:44:14 [Project.Client.ClientUI] ([32mINFO[0m):
[34m>[0m Current card: CHAT
07/16/2024 10:44:14 [Project.Client.Views.UserListPanel] ([32mINFO[0m):
[34m>[0m Adding user to list: Shuaib (1)
07/16/2024 10:44:18 [Project.Client.Client] ([32mINFO[0m):
[34m>[0m Received Payload: Payload[MESSAGE] Client Id [1] Message: [/roll]
07/16/2024 10:44:21 [Project.Client.Client] ([32mINFO[0m):
[34m>[0m Received Payload: Payload[MESSAGE] Client Id [-1] Message: [Shuaib rolled 1d2 and got 1 (total: 1)]
07/16/2024 10:44:26 [Project.Client.Client] ([32mINFO[0m):
[34m>[0m Received Payload: Payload[MESSAGE] Client Id [-1] Message: [Shuaib rolled 2d5 and got 2 3 (total: 5)]
07/16/2024 10:44:31 [Project.Client.Client] ([32mINFO[0m):
[34m>[0m Received Payload: Payload[MESSAGE] Client Id [-1] Message: [Shuaib flipped a coin and got tails]
07/16/2024 10:44:39 [Project.Client.Client] ([32mINFO[0m):
[34m>[0m Received Payload: Payload[MESSAGE] Client Id [1] Message: [so <b>cool</b>]
07/16/2024 11:19:36 [Project.Client.Client] ([32mINFO[0m):
[34m>[0m Received Payload: Payload[DISCONNECT] Client Id [1] Message: [null] Client Name [Shuaib] Status [disconnect]
